<?xml version="1.0" encoding="UTF-8"?>
<!-- Generated by org.testng.reporters.JUnitReportReporter -->
<testsuite skipped="0" hostname="WGC100CVFRDC2" name="interviewQuestions.findLatestWindow" tests="1" failures="0" timestamp="09 Aug 2018 08:07:07 GMT" time="8.033" errors="0">
  <testcase name="getLatestWindow" time="8.033" classname="interviewQuestions.findLatestWindow"/>
</testsuite> <!-- interviewQuestions.findLatestWindow -->
